0 info it worked if it ends with ok
1 verbose cli [ '/usr/bin/nodejs', '/usr/bin/npm', 'publish' ]
2 info using npm@3.5.2
3 info using node@v4.2.6
4 verbose publish [ '.' ]
5 silly cache add args [ '.', null ]
6 verbose cache add spec .
7 silly cache add parsed spec Result {
7 silly cache add   raw: '.',
7 silly cache add   scope: null,
7 silly cache add   name: null,
7 silly cache add   rawSpec: '.',
7 silly cache add   spec: '/home/hacker/ngSyncClick',
7 silly cache add   type: 'directory' }
8 verbose addLocalDirectory /home/hacker/.npm/ng-sync-click/0.0.1/package.tgz not in flight; packing
9 info lifecycle ng-sync-click@0.0.1~prepublish: ng-sync-click@0.0.1
10 silly lifecycle ng-sync-click@0.0.1~prepublish: no script for prepublish, continuing
11 verbose tar pack [ '/home/hacker/.npm/ng-sync-click/0.0.1/package.tgz',
11 verbose tar pack   '/home/hacker/ngSyncClick' ]
12 verbose tarball /home/hacker/.npm/ng-sync-click/0.0.1/package.tgz
13 verbose folder /home/hacker/ngSyncClick
14 verbose addLocalTarball adding from inside cache /home/hacker/.npm/ng-sync-click/0.0.1/package.tgz
15 silly cache afterAdd ng-sync-click@0.0.1
16 verbose afterAdd /home/hacker/.npm/ng-sync-click/0.0.1/package/package.json not in flight; writing
17 verbose afterAdd /home/hacker/.npm/ng-sync-click/0.0.1/package/package.json written
18 silly publish { name: 'ng-sync-click',
18 silly publish   version: '0.0.1',
18 silly publish   description: 'This module will help you to control unnecessary api calls on click.',
18 silly publish   main: 'angular-sync-click.js',
18 silly publish   scripts: { test: 'echo "Error: no test specified" && exit 1' },
18 silly publish   repository:
18 silly publish    { type: 'git',
18 silly publish      url: 'git+https://github.com/dattatrey93/ngSyncClick.git' },
18 silly publish   author:
18 silly publish    { name: 'Narottam Dattatria',
18 silly publish      email: 'narottamdattatria@gmail.com' },
18 silly publish   license: 'MIT',
18 silly publish   bugs: { url: 'https://github.com/dattatrey93/ngSyncClick/issues' },
18 silly publish   homepage: 'https://github.com/dattatrey93/ngSyncClick#readme',
18 silly publish   readme: '# ngSyncClick\nThis module will help you to make asynchronize calls to synchronized.\n',
18 silly publish   readmeFilename: 'README.md',
18 silly publish   gitHead: 'f1c747e025403e93b1ef15c7a566df6a8039620b',
18 silly publish   _id: 'ng-sync-click@0.0.1',
18 silly publish   _shasum: '9908afd30db262d28595d3afc4473d3b517d26c3',
18 silly publish   _from: '.' }
19 verbose getPublishConfig undefined
20 silly mapToRegistry name ng-sync-click
21 silly mapToRegistry using default registry
22 silly mapToRegistry registry https://registry.npmjs.org/
23 silly mapToRegistry uri https://registry.npmjs.org/ng-sync-click
24 verbose publish registryBase https://registry.npmjs.org/
25 silly publish uploading /home/hacker/.npm/ng-sync-click/0.0.1/package.tgz
26 verbose request uri https://registry.npmjs.org/ng-sync-click
27 verbose request sending authorization for write operation
28 info attempt registry request try #1 at 11:56:15 PM
29 verbose request using bearer token for auth
30 verbose request id 2cf1eec13d55b21a
31 http request PUT https://registry.npmjs.org/ng-sync-click
32 http 403 https://registry.npmjs.org/ng-sync-click
33 verbose headers { 'content-type': 'application/json',
33 verbose headers   'cache-control': 'max-age=300',
33 verbose headers   'content-length': '95',
33 verbose headers   'accept-ranges': 'bytes',
33 verbose headers   date: 'Sun, 09 Apr 2017 18:26:17 GMT',
33 verbose headers   via: '1.1 varnish',
33 verbose headers   connection: 'keep-alive',
33 verbose headers   'x-served-by': 'cache-sin18029-SIN',
33 verbose headers   'x-cache': 'MISS',
33 verbose headers   'x-cache-hits': '0',
33 verbose headers   'x-timer': 'S1491762376.235574,VS0,VE929',
33 verbose headers   vary: 'Accept-Encoding' }
34 verbose request invalidating /home/hacker/.npm/registry.npmjs.org/ng-sync-click on PUT
35 error publish Failed PUT 403
36 verbose stack Error: "You cannot publish over the previously published version 0.0.1." : ng-sync-click
36 verbose stack     at makeError (/usr/share/npm/node_modules/npm-registry-client/lib/request.js:264:12)
36 verbose stack     at CachingRegistryClient.<anonymous> (/usr/share/npm/node_modules/npm-registry-client/lib/request.js:252:14)
36 verbose stack     at Request._callback (/usr/share/npm/node_modules/npm-registry-client/lib/request.js:172:14)
36 verbose stack     at Request.self.callback (/usr/share/npm/node_modules/request/request.js:198:22)
36 verbose stack     at emitTwo (events.js:87:13)
36 verbose stack     at Request.emit (events.js:172:7)
36 verbose stack     at Request.<anonymous> (/usr/share/npm/node_modules/request/request.js:1082:10)
36 verbose stack     at emitOne (events.js:82:20)
36 verbose stack     at Request.emit (events.js:169:7)
36 verbose stack     at IncomingMessage.<anonymous> (/usr/share/npm/node_modules/request/request.js:1009:12)
37 verbose statusCode 403
38 verbose pkgid ng-sync-click
39 verbose cwd /home/hacker/ngSyncClick
40 error Linux 4.4.0-72-generic
41 error argv "/usr/bin/nodejs" "/usr/bin/npm" "publish"
42 error node v4.2.6
43 error npm  v3.5.2
44 error code E403
45 error "You cannot publish over the previously published version 0.0.1." : ng-sync-click
46 error If you need help, you may report this error at:
46 error     <https://github.com/npm/npm/issues>
47 verbose exit [ 1, true ]
